<?xml version="1.0"?><coverage lines-covered="60" lines-valid="62" line-rate="0.967741935483871" branches-covered="0" branches-valid="0" branch-rate="0" complexity="0" version="1.9" timestamp="1722254116"><sources><source>/Users/craigoconnor/Documents/Projects/OpenS2/s2json</source></sources><packages><package name="rust" line-rate="0.967741935483871" branch-rate="0" complexity="0"><classes><class name="geometry" filename="rust/geometry.rs" line-rate="0.9615384615384616" branch-rate="0" complexity="0"><methods/><lines><line number="33" hits="1"/><line number="37" hits="2"/><line number="38" hits="0"/><line number="39" hits="1"/><line number="40" hits="1"/><line number="41" hits="1"/><line number="42" hits="1"/><line number="50" hits="1"/><line number="58" hits="1"/><line number="62" hits="1"/><line number="64" hits="1"/><line number="65" hits="1"/><line number="68" hits="2"/><line number="72" hits="3"/><line number="73" hits="2"/><line number="74" hits="2"/><line number="75" hits="2"/><line number="76" hits="2"/><line number="77" hits="2"/><line number="78" hits="2"/><line number="79" hits="2"/><line number="80" hits="2"/><line number="84" hits="1"/><line number="111" hits="2"/><line number="115" hits="4"/><line number="116" hits="0"/><line number="117" hits="2"/><line number="118" hits="2"/><line number="119" hits="2"/><line number="120" hits="2"/><line number="121" hits="2"/><line number="122" hits="2"/><line number="130" hits="2"/><line number="138" hits="2"/><line number="142" hits="2"/><line number="144" hits="2"/><line number="145" hits="2"/><line number="148" hits="4"/><line number="152" hits="6"/><line number="153" hits="4"/><line number="154" hits="4"/><line number="155" hits="4"/><line number="156" hits="4"/><line number="157" hits="4"/><line number="158" hits="4"/><line number="159" hits="4"/><line number="160" hits="4"/><line number="161" hits="4"/><line number="162" hits="4"/><line number="163" hits="4"/><line number="164" hits="4"/><line number="168" hits="2"/></lines></class><class name="lib" filename="rust/lib.rs" line-rate="1" branch-rate="0" complexity="0"><methods/><lines><line number="43" hits="6"/><line number="44" hits="6"/><line number="48" hits="6"/><line number="49" hits="6"/><line number="50" hits="1"/><line number="51" hits="1"/><line number="52" hits="1"/><line number="53" hits="1"/><line number="54" hits="1"/><line number="55" hits="1"/></lines></class></classes></package></packages></coverage>